# JRE version: Java(TM) SE Runtime Environment (8.0_91-b14) (build 1.8.0_91-b14)
# Java VM: Java HotSpot(TM) 64-Bit Server VM (25.91-b14 mixed mode windows-amd64 compressed oops)
Heap:
 PSYoungGen      total 179200K, used 178559K [0x00000000eab00000, 0x00000000f8e80000, 0x0000000100000000)
  eden space 156160K, 100% used [0x00000000eab00000,0x00000000f4380000,0x00000000f4380000)
  from space 23040K, 97% used [0x00000000f4380000,0x00000000f595fe08,0x00000000f5a00000)
  to   space 26112K, 0% used [0x00000000f7500000,0x00000000f7500000,0x00000000f8e80000)
 ParOldGen       total 156672K, used 39156K [0x00000000c0000000, 0x00000000c9900000, 0x00000000eab00000)
  object space 156672K, 24% used [0x00000000c0000000,0x00000000c263d298,0x00000000c9900000)
 Metaspace       used 76137K, capacity 78656K, committed 78848K, reserved 1118208K
  class space    used 10087K, capacity 10691K, committed 10752K, reserved 1048576K
GC Heap History (10 events):
Event: 167.914 GC heap before
{Heap before GC invocations=24 (full 3):
 PSYoungGen      total 141312K, used 141279K [0x00000000eab00000, 0x00000000f5f00000, 0x0000000100000000)
  eden space 132096K, 100% used [0x00000000eab00000,0x00000000f2c00000,0x00000000f2c00000)
  from space 9216K, 99% used [0x00000000f5600000,0x00000000f5ef7f78,0x00000000f5f00000)
  to   space 24064K, 0% used [0x00000000f3000000,0x00000000f3000000,0x00000000f4780000)
 ParOldGen       total 156672K, used 39121K [0x00000000c0000000, 0x00000000c9900000, 0x00000000eab00000)
  object space 156672K, 24% used [0x00000000c0000000,0x00000000c2634720,0x00000000c9900000)
 Metaspace       used 63219K, capacity 65176K, committed 65408K, reserved 1105920K
  class space    used 8480K, capacity 8975K, committed 9088K, reserved 1048576K
Event: 167.925 GC heap after
Heap after GC invocations=24 (full 3):
 PSYoungGen      total 136192K, used 6997K [0x00000000eab00000, 0x00000000f5700000, 0x0000000100000000)
  eden space 129024K, 0% used [0x00000000eab00000,0x00000000eab00000,0x00000000f2900000)
  from space 7168K, 97% used [0x00000000f3000000,0x00000000f36d5580,0x00000000f3700000)
  to   space 23552K, 0% used [0x00000000f4000000,0x00000000f4000000,0x00000000f5700000)
 ParOldGen       total 156672K, used 39129K [0x00000000c0000000, 0x00000000c9900000, 0x00000000eab00000)
  object space 156672K, 24% used [0x00000000c0000000,0x00000000c2636720,0x00000000c9900000)
 Metaspace       used 63219K, capacity 65176K, committed 65408K, reserved 1105920K
  class space    used 8480K, capacity 8975K, committed 9088K, reserved 1048576K
}
Event: 169.198 GC heap before
{Heap before GC invocations=25 (full 3):
 PSYoungGen      total 136192K, used 136021K [0x00000000eab00000, 0x00000000f5700000, 0x0000000100000000)
  eden space 129024K, 100% used [0x00000000eab00000,0x00000000f2900000,0x00000000f2900000)
  from space 7168K, 97% used [0x00000000f3000000,0x00000000f36d5580,0x00000000f3700000)
  to   space 23552K, 0% used [0x00000000f4000000,0x00000000f4000000,0x00000000f5700000)
 ParOldGen       total 156672K, used 39129K [0x00000000c0000000, 0x00000000c9900000, 0x00000000eab00000)
  object space 156672K, 24% used [0x00000000c0000000,0x00000000c2636720,0x00000000c9900000)
 Metaspace       used 63471K, capacity 65542K, committed 65664K, reserved 1105920K
  class space    used 8503K, capacity 9010K, committed 9088K, reserved 1048576K
Event: 169.225 GC heap after
Heap after GC invocations=25 (full 3):
 PSYoungGen      total 152576K, used 5079K [0x00000000eab00000, 0x00000000f6f80000, 0x0000000100000000)
  eden space 129024K, 0% used [0x00000000eab00000,0x00000000eab00000,0x00000000f2900000)
  from space 23552K, 21% used [0x00000000f4000000,0x00000000f44f5cd0,0x00000000f5700000)
  to   space 23552K, 0% used [0x00000000f2900000,0x00000000f2900000,0x00000000f4000000)
 ParOldGen       total 156672K, used 39137K [0x00000000c0000000, 0x00000000c9900000, 0x00000000eab00000)
  object space 156672K, 24% used [0x00000000c0000000,0x00000000c2638720,0x00000000c9900000)
 Metaspace       used 63471K, capacity 65542K, committed 65664K, reserved 1105920K
  class space    used 8503K, capacity 9010K, committed 9088K, reserved 1048576K
}
Event: 170.228 GC heap before
{Heap before GC invocations=26 (full 3):
 PSYoungGen      total 152576K, used 134103K [0x00000000eab00000, 0x00000000f6f80000, 0x0000000100000000)
  eden space 129024K, 100% used [0x00000000eab00000,0x00000000f2900000,0x00000000f2900000)
  from space 23552K, 21% used [0x00000000f4000000,0x00000000f44f5cd0,0x00000000f5700000)
  to   space 23552K, 0% used [0x00000000f2900000,0x00000000f2900000,0x00000000f4000000)
 ParOldGen       total 156672K, used 39137K [0x00000000c0000000, 0x00000000c9900000, 0x00000000eab00000)
  object space 156672K, 24% used [0x00000000c0000000,0x00000000c2638720,0x00000000c9900000)
 Metaspace       used 63474K, capacity 65542K, committed 65664K, reserved 1105920K
  class space    used 8504K, capacity 9010K, committed 9088K, reserved 1048576K
Event: 170.239 GC heap after
Heap after GC invocations=26 (full 3):
 PSYoungGen      total 152576K, used 5992K [0x00000000eab00000, 0x00000000f7080000, 0x0000000100000000)
  eden space 129024K, 0% used [0x00000000eab00000,0x00000000eab00000,0x00000000f2900000)
  from space 23552K, 25% used [0x00000000f2900000,0x00000000f2eda130,0x00000000f4000000)
  to   space 23040K, 0% used [0x00000000f5a00000,0x00000000f5a00000,0x00000000f7080000)
 ParOldGen       total 156672K, used 39137K [0x00000000c0000000, 0x00000000c9900000, 0x00000000eab00000)
  object space 156672K, 24% used [0x00000000c0000000,0x00000000c2638720,0x00000000c9900000)
 Metaspace       used 63474K, capacity 65542K, committed 65664K, reserved 1105920K
  class space    used 8504K, capacity 9010K, committed 9088K, reserved 1048576K
}
Event: 175.681 GC heap before
{Heap before GC invocations=27 (full 3):
 PSYoungGen      total 152576K, used 135016K [0x00000000eab00000, 0x00000000f7080000, 0x0000000100000000)
  eden space 129024K, 100% used [0x00000000eab00000,0x00000000f2900000,0x00000000f2900000)
  from space 23552K, 25% used [0x00000000f2900000,0x00000000f2eda130,0x00000000f4000000)
  to   space 23040K, 0% used [0x00000000f5a00000,0x00000000f5a00000,0x00000000f7080000)
 ParOldGen       total 156672K, used 39146K [0x00000000c0000000, 0x00000000c9900000, 0x00000000eab00000)
  object space 156672K, 24% used [0x00000000c0000000,0x00000000c263aac0,0x00000000c9900000)
 Metaspace       used 68890K, capacity 70950K, committed 71168K, reserved 1110016K
  class space    used 9123K, capacity 9618K, committed 9728K, reserved 1048576K
Event: 175.725 GC heap after
Heap after GC invocations=27 (full 3):
 PSYoungGen      total 179200K, used 14025K [0x00000000eab00000, 0x00000000f7080000, 0x0000000100000000)
  eden space 156160K, 0% used [0x00000000eab00000,0x00000000eab00000,0x00000000f4380000)
  from space 23040K, 60% used [0x00000000f5a00000,0x00000000f67b2598,0x00000000f7080000)
  to   space 23040K, 0% used [0x00000000f4380000,0x00000000f4380000,0x00000000f5a00000)
 ParOldGen       total 156672K, used 39146K [0x00000000c0000000, 0x00000000c9900000, 0x00000000eab00000)
  object space 156672K, 24% used [0x00000000c0000000,0x00000000c263aac0,0x00000000c9900000)
 Metaspace       used 68890K, capacity 70950K, committed 71168K, reserved 1110016K
  class space    used 9123K, capacity 9618K, committed 9728K, reserved 1048576K
}
Event: 181.047 GC heap before
{Heap before GC invocations=28 (full 3):
 PSYoungGen      total 179200K, used 170185K [0x00000000eab00000, 0x00000000f7080000, 0x0000000100000000)
  eden space 156160K, 100% used [0x00000000eab00000,0x00000000f4380000,0x00000000f4380000)
  from space 23040K, 60% used [0x00000000f5a00000,0x00000000f67b2598,0x00000000f7080000)
  to   space 23040K, 0% used [0x00000000f4380000,0x00000000f4380000,0x00000000f5a00000)
 ParOldGen       total 156672K, used 39156K [0x00000000c0000000, 0x00000000c9900000, 0x00000000eab00000)
  object space 156672K, 24% used [0x00000000c0000000,0x00000000c263d298,0x00000000c9900000)
 Metaspace       used 68916K, capacity 70956K, committed 71168K, reserved 1110016K
  class space    used 9125K, capacity 9619K, committed 9728K, reserved 1048576K
Event: 181.090 GC heap after
Heap after GC invocations=28 (full 3):
 PSYoungGen      total 179200K, used 22399K [0x00000000eab00000, 0x00000000f8e80000, 0x0000000100000000)
  eden space 156160K, 0% used [0x00000000eab00000,0x00000000eab00000,0x00000000f4380000)
  from space 23040K, 97% used [0x00000000f4380000,0x00000000f595fe08,0x00000000f5a00000)
  to   space 26112K, 0% used [0x00000000f7500000,0x00000000f7500000,0x00000000f8e80000)
 ParOldGen       total 156672K, used 39156K [0x00000000c0000000, 0x00000000c9900000, 0x00000000eab00000)
  object space 156672K, 24% used [0x00000000c0000000,0x00000000c263d298,0x00000000c9900000)
 Metaspace       used 68916K, capacity 70956K, committed 71168K, reserved 1110016K
  class space    used 9125K, capacity 9619K, committed 9728K, reserved 1048576K
}

